2023-01-23 18:47:23 [INFO ] [Browser] - [startBrowser] Selected Browser is: chrome
2023-01-23 18:48:04 [INFO ] [Browser] - [startBrowser] Selected Browser is: chrome
2023-01-23 18:48:23 [INFO ] [Browser] - [takeScreenshot] Exception has Occured while taking screenshot
2023-01-23 18:48:23 [INFO ] [Base] - [closeBrowser] Scenario Completed: Verify whether the user is able to register into the application by providing all the fields
2023-01-23 18:48:23 [INFO ] [Base] - [closeBrowser] Scenario Status is: failed
2023-01-23 18:48:29 [INFO ] [Browser] - [takeScreenshot] Exception has Occured while taking screenshot
2023-01-23 18:48:29 [INFO ] [Base] - [closeBrowser] Scenario Completed: Verify whether the user is able to register into the application by providing all the fields
2023-01-23 18:48:29 [INFO ] [Base] - [closeBrowser] Scenario Status is: failed
2023-01-23 20:04:59 [INFO ] [Browser] - [startBrowser] Selected Browser is: chrome
2023-01-23 20:05:10 [INFO ] [Browser] - [takeScreenshot] Exception has Occured while taking screenshot
2023-01-23 20:05:10 [INFO ] [Base] - [closeBrowser] Scenario Completed: Verify whether the user is able to register into the application by providing all the fields
2023-01-23 20:05:10 [INFO ] [Base] - [closeBrowser] Scenario Status is: failed
2023-01-24 19:18:45 [INFO ] [Hooks] - [setUp] Scenario Started: Verify whether the user is able to register into the application by providing all the fields
2023-01-24 19:18:45 [INFO ] [Browser] - [startBrowser] Selected Browser is: chrome
2023-01-24 19:19:42 [INFO ] [Browser] - [startBrowser] Chrome Browser is Started577672681
2023-01-24 19:19:42 [INFO ] [Hooks] - [closeBrowser] Scenario Completed: Verify whether the user is able to register into the application by providing all the fields
2023-01-24 19:19:42 [INFO ] [Hooks] - [closeBrowser] Scenario Status is: failed
2023-01-24 19:19:42 [INFO ] [Hooks] - [setUp] Scenario Started: Verify whether the user is not allowed to register on skipping mandatory fields
2023-01-24 19:19:42 [INFO ] [Browser] - [startBrowser] Selected Browser is: chrome
2023-01-24 19:19:43 [INFO ] [Browser] - [startBrowser] Chrome Browser is Started600825762
2023-01-24 19:19:44 [INFO ] [Hooks] - [closeBrowser] Scenario Completed: Verify whether the user is not allowed to register on skipping mandatory fields
2023-01-24 19:19:44 [INFO ] [Hooks] - [closeBrowser] Scenario Status is: failed
2023-01-24 20:11:33 [INFO ] [Hooks] - [setUp] Scenario Started: 
2023-01-24 20:11:33 [INFO ] [Browser] - [startBrowser] Selected Browser is: chrome
2023-01-24 20:11:36 [INFO ] [Browser] - [startBrowser] Chrome Browser is Started551849571
2023-01-24 20:11:36 [INFO ] [Hooks] - [closeBrowser] Scenario Completed: 
2023-01-24 20:11:36 [INFO ] [Hooks] - [closeBrowser] Scenario Status is: failed
2023-01-24 20:11:36 [INFO ] [Hooks] - [setUp] Scenario Started: 
2023-01-24 20:11:36 [INFO ] [Browser] - [startBrowser] Selected Browser is: chrome
2023-01-24 20:11:37 [INFO ] [Browser] - [startBrowser] Chrome Browser is Started500934560
2023-01-24 20:11:37 [INFO ] [Hooks] - [closeBrowser] Scenario Completed: 
2023-01-24 20:11:37 [INFO ] [Hooks] - [closeBrowser] Scenario Status is: failed
2023-01-24 20:11:38 [INFO ] [Hooks] - [setUp] Scenario Started: Verify whether the user is able to register into the application by opting for Newsletter subscription
2023-01-24 20:11:38 [INFO ] [Browser] - [startBrowser] Selected Browser is: chrome
2023-01-24 20:11:38 [INFO ] [Browser] - [startBrowser] Chrome Browser is Started1436969919
2023-01-24 20:11:39 [INFO ] [Hooks] - [closeBrowser] Scenario Completed: Verify whether the user is able to register into the application by opting for Newsletter subscription
2023-01-24 20:11:39 [INFO ] [Hooks] - [closeBrowser] Scenario Status is: failed
2023-01-24 20:31:26 [INFO ] [Hooks] - [setUp] Scenario Started: 
2023-01-24 20:31:26 [INFO ] [Browser] - [startBrowser] Selected Browser is: chrome
2023-01-24 20:32:13 [INFO ] [Browser] - [startBrowser] Chrome Browser is Started633686225
2023-01-24 20:32:13 [INFO ] [Hooks] - [closeBrowser] Scenario Completed: 
2023-01-24 20:32:13 [INFO ] [Hooks] - [closeBrowser] Scenario Status is: failed
2023-01-24 20:32:14 [INFO ] [Hooks] - [setUp] Scenario Started: 
2023-01-24 20:32:14 [INFO ] [Browser] - [startBrowser] Selected Browser is: chrome
2023-01-24 20:32:15 [INFO ] [Browser] - [startBrowser] Chrome Browser is Started307307754
2023-01-24 20:32:15 [INFO ] [Hooks] - [closeBrowser] Scenario Completed: 
2023-01-24 20:32:15 [INFO ] [Hooks] - [closeBrowser] Scenario Status is: failed
2023-01-24 20:32:15 [INFO ] [Hooks] - [setUp] Scenario Started: 
2023-01-24 20:32:15 [INFO ] [Browser] - [startBrowser] Selected Browser is: chrome
2023-01-24 20:32:16 [INFO ] [Browser] - [startBrowser] Chrome Browser is Started1214701735
2023-01-24 20:32:17 [INFO ] [Hooks] - [closeBrowser] Scenario Completed: 
2023-01-24 20:32:17 [INFO ] [Hooks] - [closeBrowser] Scenario Status is: failed
2023-01-24 20:32:17 [INFO ] [Hooks] - [setUp] Scenario Started: Verify whether the user is restricted from registring a duplicate account
2023-01-24 20:32:17 [INFO ] [Browser] - [startBrowser] Selected Browser is: chrome
2023-01-24 20:32:18 [INFO ] [Browser] - [startBrowser] Chrome Browser is Started435286832
2023-01-24 20:32:18 [INFO ] [Hooks] - [closeBrowser] Scenario Completed: Verify whether the user is restricted from registring a duplicate account
2023-01-24 20:32:18 [INFO ] [Hooks] - [closeBrowser] Scenario Status is: failed
2023-01-25 06:20:51 [INFO ] [Hooks] - [setUp] Scenario Started: Verify whether the User is able to login with valid credentials
2023-01-25 06:20:51 [INFO ] [Browser] - [startBrowser] Selected Browser is: chrome
2023-01-25 06:21:36 [INFO ] [Browser] - [startBrowser] Chrome Browser is Started1268701597
2023-01-25 06:21:36 [INFO ] [Hooks] - [closeBrowser] Scenario Completed: Verify whether the User is able to login with valid credentials
2023-01-25 06:21:36 [INFO ] [Hooks] - [closeBrowser] Scenario Status is: failed
2023-01-25 07:15:58 [INFO ] [Hooks] - [setUp] Scenario Started: Verify whether the User is able to login with valid credentials
2023-01-25 07:15:58 [INFO ] [Browser] - [startBrowser] Selected Browser is: chrome
2023-01-25 07:16:00 [INFO ] [Browser] - [startBrowser] Chrome Browser is Started1449065853
2023-01-25 07:16:00 [INFO ] [Hooks] - [closeBrowser] Scenario Completed: Verify whether the User is able to login with valid credentials
2023-01-25 07:16:00 [INFO ] [Hooks] - [closeBrowser] Scenario Status is: failed
2023-01-25 07:16:01 [INFO ] [Hooks] - [setUp] Scenario Started: Verify that the User is not able to login with invalid credentials
2023-01-25 07:16:01 [INFO ] [Browser] - [startBrowser] Selected Browser is: chrome
2023-01-25 07:16:02 [INFO ] [Browser] - [startBrowser] Chrome Browser is Started1689840534
2023-01-25 07:16:02 [INFO ] [Hooks] - [closeBrowser] Scenario Completed: Verify that the User is not able to login with invalid credentials
2023-01-25 07:16:02 [INFO ] [Hooks] - [closeBrowser] Scenario Status is: failed
2023-01-25 07:53:26 [INFO ] [Hooks] - [setUp] Scenario Started: Verify whether the User is able to login with valid credentials
2023-01-25 07:53:26 [INFO ] [Browser] - [startBrowser] Selected Browser is: chrome
2023-01-25 07:54:10 [INFO ] [Browser] - [startBrowser] Chrome Browser is Started1477474090
2023-01-25 07:54:10 [INFO ] [Hooks] - [closeBrowser] Scenario Completed: Verify whether the User is able to login with valid credentials
2023-01-25 07:54:10 [INFO ] [Hooks] - [closeBrowser] Scenario Status is: failed
2023-01-25 07:54:10 [INFO ] [Hooks] - [setUp] Scenario Started: Verify that the User is not able to login with invalid credentials
2023-01-25 07:54:10 [INFO ] [Browser] - [startBrowser] Selected Browser is: chrome
2023-01-25 07:54:11 [INFO ] [Browser] - [startBrowser] Chrome Browser is Started2035364310
2023-01-25 07:54:11 [INFO ] [Hooks] - [closeBrowser] Scenario Completed: Verify that the User is not able to login with invalid credentials
2023-01-25 07:54:11 [INFO ] [Hooks] - [closeBrowser] Scenario Status is: failed
2023-01-25 07:54:11 [INFO ] [Hooks] - [setUp] Scenario Started: 
2023-01-25 07:54:11 [INFO ] [Browser] - [startBrowser] Selected Browser is: chrome
2023-01-25 07:54:12 [INFO ] [Browser] - [startBrowser] Chrome Browser is Started1824222273
2023-01-25 07:54:12 [INFO ] [Hooks] - [closeBrowser] Scenario Completed: 
2023-01-25 07:54:12 [INFO ] [Hooks] - [closeBrowser] Scenario Status is: failed
2023-01-25 07:58:15 [INFO ] [Hooks] - [setUp] Scenario Started: Verify whether the User is able to login with valid credentials
2023-01-25 07:58:15 [INFO ] [Browser] - [startBrowser] Selected Browser is: chrome
2023-01-25 07:58:16 [INFO ] [Browser] - [startBrowser] Chrome Browser is Started1111968536
2023-01-25 07:58:17 [INFO ] [Hooks] - [closeBrowser] Scenario Completed: Verify whether the User is able to login with valid credentials
2023-01-25 07:58:17 [INFO ] [Hooks] - [closeBrowser] Scenario Status is: failed
2023-01-25 07:58:17 [INFO ] [Hooks] - [setUp] Scenario Started: Verify that the User is not able to login with invalid credentials
2023-01-25 07:58:17 [INFO ] [Browser] - [startBrowser] Selected Browser is: chrome
2023-01-25 07:58:18 [INFO ] [Browser] - [startBrowser] Chrome Browser is Started988315192
2023-01-25 07:58:18 [INFO ] [Hooks] - [closeBrowser] Scenario Completed: Verify that the User is not able to login with invalid credentials
2023-01-25 07:58:18 [INFO ] [Hooks] - [closeBrowser] Scenario Status is: failed
2023-01-25 07:58:18 [INFO ] [Hooks] - [setUp] Scenario Started: 
2023-01-25 07:58:18 [INFO ] [Browser] - [startBrowser] Selected Browser is: chrome
2023-01-25 07:58:19 [INFO ] [Browser] - [startBrowser] Chrome Browser is Started1120229752
2023-01-25 07:58:19 [INFO ] [Hooks] - [closeBrowser] Scenario Completed: 
2023-01-25 07:58:19 [INFO ] [Hooks] - [closeBrowser] Scenario Status is: failed
2023-01-25 07:58:19 [INFO ] [Hooks] - [setUp] Scenario Started: Verify that the User is able to reset forgotten password
2023-01-25 07:58:19 [INFO ] [Browser] - [startBrowser] Selected Browser is: chrome
2023-01-25 07:58:20 [INFO ] [Browser] - [startBrowser] Chrome Browser is Started950172366
2023-01-25 07:58:20 [INFO ] [Hooks] - [closeBrowser] Scenario Completed: Verify that the User is able to reset forgotten password
2023-01-25 07:58:20 [INFO ] [Hooks] - [closeBrowser] Scenario Status is: failed
2023-01-25 09:58:15 [INFO ] [Hooks] - [setUp] Scenario Started: 
2023-01-25 09:58:15 [INFO ] [Browser] - [startBrowser] Selected Browser is: chrome
2023-01-25 09:59:00 [INFO ] [Browser] - [startBrowser] Chrome Browser is Started583765599
2023-01-25 09:59:00 [INFO ] [Hooks] - [closeBrowser] Scenario Completed: 
2023-01-25 09:59:00 [INFO ] [Hooks] - [closeBrowser] Scenario Status is: failed
2023-01-25 09:59:00 [INFO ] [Hooks] - [setUp] Scenario Started: 
2023-01-25 09:59:00 [INFO ] [Browser] - [startBrowser] Selected Browser is: chrome
2023-01-25 09:59:01 [INFO ] [Browser] - [startBrowser] Chrome Browser is Started1515079980
2023-01-25 09:59:01 [INFO ] [Hooks] - [closeBrowser] Scenario Completed: 
2023-01-25 09:59:01 [INFO ] [Hooks] - [closeBrowser] Scenario Status is: failed
2023-01-25 09:59:02 [INFO ] [Hooks] - [setUp] Scenario Started: 
2023-01-25 09:59:02 [INFO ] [Browser] - [startBrowser] Selected Browser is: chrome
2023-01-25 09:59:02 [INFO ] [Browser] - [startBrowser] Chrome Browser is Started347766549
2023-01-25 09:59:03 [INFO ] [Hooks] - [closeBrowser] Scenario Completed: 
2023-01-25 09:59:03 [INFO ] [Hooks] - [closeBrowser] Scenario Status is: failed
2023-01-25 09:59:03 [INFO ] [Hooks] - [setUp] Scenario Started: Verify whether the user is restricted from registring a duplicate account
2023-01-25 09:59:03 [INFO ] [Browser] - [startBrowser] Selected Browser is: chrome
2023-01-25 09:59:04 [INFO ] [Browser] - [startBrowser] Chrome Browser is Started1000927054
2023-01-25 09:59:04 [INFO ] [Hooks] - [closeBrowser] Scenario Completed: Verify whether the user is restricted from registring a duplicate account
2023-01-25 09:59:04 [INFO ] [Hooks] - [closeBrowser] Scenario Status is: failed
2023-01-25 10:00:12 [INFO ] [Hooks] - [setUp] Scenario Started: Verify whether the User is able to search for products
2023-01-25 10:00:12 [INFO ] [Browser] - [startBrowser] Selected Browser is: chrome
2023-01-25 10:00:14 [INFO ] [Browser] - [startBrowser] Chrome Browser is Started1749003390
2023-01-25 10:00:14 [INFO ] [Hooks] - [closeBrowser] Scenario Completed: Verify whether the User is able to search for products
2023-01-25 10:00:14 [INFO ] [Hooks] - [closeBrowser] Scenario Status is: failed
2023-01-25 10:32:46 [INFO ] [Hooks] - [setUp] Scenario Started: Verify whether the User is able to search for products
2023-01-25 10:32:46 [INFO ] [Browser] - [startBrowser] Selected Browser is: chrome
2023-01-25 10:32:48 [INFO ] [Browser] - [startBrowser] Chrome Browser is Started1449065853
2023-01-25 10:32:48 [INFO ] [Hooks] - [closeBrowser] Scenario Completed: Verify whether the User is able to search for products
2023-01-25 10:32:48 [INFO ] [Hooks] - [closeBrowser] Scenario Status is: failed
2023-01-25 10:32:49 [INFO ] [Hooks] - [setUp] Scenario Started: Verify whether the User is informed when the product being searched is not available
2023-01-25 10:32:49 [INFO ] [Browser] - [startBrowser] Selected Browser is: chrome
2023-01-25 10:32:50 [INFO ] [Browser] - [startBrowser] Chrome Browser is Started1919782816
2023-01-25 10:32:50 [INFO ] [Hooks] - [closeBrowser] Scenario Completed: Verify whether the User is informed when the product being searched is not available
2023-01-25 10:32:50 [INFO ] [Hooks] - [closeBrowser] Scenario Status is: failed
2023-01-25 11:01:57 [INFO ] [Hooks] - [setUp] Scenario Started: Verify whether user is able to place an order
2023-01-25 11:01:57 [INFO ] [Browser] - [startBrowser] Selected Browser is: chrome
2023-01-25 11:02:41 [INFO ] [Browser] - [startBrowser] Chrome Browser is Started1373696747
2023-01-25 11:02:41 [INFO ] [Hooks] - [closeBrowser] Scenario Completed: Verify whether user is able to place an order
2023-01-25 11:02:41 [INFO ] [Hooks] - [closeBrowser] Scenario Status is: undefined
